<?xml version="1.0" encoding="UTF-8"?>
<!-- Generated by org.testng.reporters.JUnitXMLReporter -->
<testsuite ignored="0" hostname="LAPTOP-FAP6QC75" failures="2" tests="2" name="Test" time="3.206" errors="0" timestamp="2021-01-24T17:15:43 PST">
  <testcase classname="com.api.ask.autorizationapi.Post_CreateStudentAccount" name="checkResponseBody" time="0.007">
    <failure type="java.lang.NullPointerException">
      <![CDATA[java.lang.NullPointerException
at com.api.ask.autorizationapi.Post_CreateStudentAccount.checkResponseBody(Post_CreateStudentAccount.java:82)
at java.base/java.util.ArrayList.forEach(ArrayList.java:1540)
... Removed 27 stack frames]]>
    </failure>
  </testcase> <!-- checkResponseBody -->
  <testcase classname="com.api.ask.autorizationapi.Post_CreateStudentAccount" name="checkStatusCode" time="0.002">
    <failure type="java.lang.NullPointerException">
      <![CDATA[java.lang.NullPointerException
at com.api.ask.autorizationapi.Post_CreateStudentAccount.checkStatusCode(Post_CreateStudentAccount.java:73)
at java.base/java.util.ArrayList.forEach(ArrayList.java:1540)
... Removed 27 stack frames]]>
    </failure>
  </testcase> <!-- checkStatusCode -->
</testsuite> <!-- Test -->
